2017-07-24 18:14:49,814 - Log4JLogChute initialized using file 'velocity.log'
2017-07-24 18:14:49,815 - Velocity was not initialized! Calling init()...
2017-07-24 18:14:49,815 - Starting Apache Velocity v1.5 (compiled: 2007-02-22 08:52:29)
2017-07-24 18:14:49,815 - Default Properties File: org/apache/velocity/runtime/defaults/velocity.properties
2017-07-24 18:14:49,815 - Trying to use logger class org.apache.velocity.runtime.log.AvalonLogChute
2017-07-24 18:14:49,819 - Couldn't find class org.apache.velocity.runtime.log.AvalonLogChute or necessary supporting classes in classpath.
java.lang.NoClassDefFoundError: org/apache/log/format/Formatter
	at java.lang.Class.forName0(Native Method)
	at java.lang.Class.forName(Class.java:348)
	at org.apache.velocity.util.ClassUtils.getClass(ClassUtils.java:63)
	at org.apache.velocity.util.ClassUtils.getNewInstance(ClassUtils.java:95)
	at org.apache.velocity.runtime.log.LogManager.createLogChute(LogManager.java:147)
	at org.apache.velocity.runtime.log.LogManager.updateLog(LogManager.java:208)
	at org.apache.velocity.runtime.RuntimeInstance.initializeLog(RuntimeInstance.java:728)
	at org.apache.velocity.runtime.RuntimeInstance.init(RuntimeInstance.java:240)
	at org.apache.velocity.runtime.RuntimeInstance.parse(RuntimeInstance.java:993)
	at org.apache.velocity.runtime.RuntimeInstance.parse(RuntimeInstance.java:972)
	at org.apache.velocity.runtime.RuntimeSingleton.parse(RuntimeSingleton.java:265)
	at org.apache.velocity.app.Velocity.evaluate(Velocity.java:274)
	at org.sonatype.mavenbook.weather.WeatherFormatter.format(WeatherFormatter.java:21)
	at org.sonatype.mavenbook.weather.yahoo.WeatherFormatterTest.testFormat(WeatherFormatterTest.java:23)
	at sun.reflect.NativeMethodAccessorImpl.invoke0(Native Method)
	at sun.reflect.NativeMethodAccessorImpl.invoke(NativeMethodAccessorImpl.java:62)
	at sun.reflect.DelegatingMethodAccessorImpl.invoke(DelegatingMethodAccessorImpl.java:43)
	at java.lang.reflect.Method.invoke(Method.java:497)
	at junit.framework.TestCase.runTest(TestCase.java:176)
	at junit.framework.TestCase.runBare(TestCase.java:141)
	at junit.framework.TestResult$1.protect(TestResult.java:122)
	at junit.framework.TestResult.runProtected(TestResult.java:142)
	at junit.framework.TestResult.run(TestResult.java:125)
	at junit.framework.TestCase.run(TestCase.java:129)
	at junit.framework.TestSuite.runTest(TestSuite.java:252)
	at junit.framework.TestSuite.run(TestSuite.java:247)
	at org.junit.internal.runners.JUnit38ClassRunner.run(JUnit38ClassRunner.java:86)
	at org.apache.maven.surefire.junit4.JUnit4Provider.execute(JUnit4Provider.java:252)
	at org.apache.maven.surefire.junit4.JUnit4Provider.executeTestSet(JUnit4Provider.java:141)
	at org.apache.maven.surefire.junit4.JUnit4Provider.invoke(JUnit4Provider.java:112)
	at sun.reflect.NativeMethodAccessorImpl.invoke0(Native Method)
	at sun.reflect.NativeMethodAccessorImpl.invoke(NativeMethodAccessorImpl.java:62)
	at sun.reflect.DelegatingMethodAccessorImpl.invoke(DelegatingMethodAccessorImpl.java:43)
	at java.lang.reflect.Method.invoke(Method.java:497)
	at org.apache.maven.surefire.util.ReflectionUtils.invokeMethodWithArray(ReflectionUtils.java:189)
	at org.apache.maven.surefire.booter.ProviderFactory$ProviderProxy.invoke(ProviderFactory.java:165)
	at org.apache.maven.surefire.booter.ProviderFactory.invokeProvider(ProviderFactory.java:85)
	at org.apache.maven.surefire.booter.ForkedBooter.runSuitesInProcess(ForkedBooter.java:115)
	at org.apache.maven.surefire.booter.ForkedBooter.main(ForkedBooter.java:75)
Caused by: java.lang.ClassNotFoundException: org.apache.log.format.Formatter
	at java.net.URLClassLoader.findClass(URLClassLoader.java:381)
	at java.lang.ClassLoader.loadClass(ClassLoader.java:424)
	at sun.misc.Launcher$AppClassLoader.loadClass(Launcher.java:331)
	at java.lang.ClassLoader.loadClass(ClassLoader.java:357)
	... 39 more
2017-07-24 18:14:49,824 - Trying to use logger class org.apache.velocity.runtime.log.Log4JLogChute
2017-07-24 18:14:49,825 - Using logger class org.apache.velocity.runtime.log.Log4JLogChute
2017-07-24 18:14:49,830 - Default ResourceManager initializing. (class org.apache.velocity.runtime.resource.ResourceManagerImpl)
2017-07-24 18:14:49,835 - ResourceLoader instantiated: org.apache.velocity.runtime.resource.loader.FileResourceLoader
2017-07-24 18:14:49,837 - Do unicode file recognition:  false
2017-07-24 18:14:49,837 - FileResourceLoader : adding path '.'
2017-07-24 18:14:49,863 - ResourceCache: initialized (class org.apache.velocity.runtime.resource.ResourceCacheImpl)
2017-07-24 18:14:49,866 - Loaded System Directive: org.apache.velocity.runtime.directive.Literal
2017-07-24 18:14:49,869 - Loaded System Directive: org.apache.velocity.runtime.directive.Macro
2017-07-24 18:14:49,871 - Loaded System Directive: org.apache.velocity.runtime.directive.Parse
2017-07-24 18:14:49,873 - Loaded System Directive: org.apache.velocity.runtime.directive.Include
2017-07-24 18:14:49,875 - Loaded System Directive: org.apache.velocity.runtime.directive.Foreach
2017-07-24 18:14:49,911 - Created '20' parsers.
2017-07-24 18:14:49,929 - Velocimacro : "velocimacro.library" is not set.  Trying default library: VM_global_library.vm
2017-07-24 18:14:49,929 - Velocimacro : Default library not found.
2017-07-24 18:14:49,929 - Velocimacro : allowInline = true : VMs can be defined inline in templates
2017-07-24 18:14:49,929 - Velocimacro : allowInlineToOverride = false : VMs defined inline may NOT replace previous VM definitions
2017-07-24 18:14:49,929 - Velocimacro : allowInlineLocal = false : VMs defined inline will be global in scope if allowed.
2017-07-24 18:14:49,929 - Velocimacro : autoload off : VM system will not automatically reload global library macros
2020-04-16 10:35:59,760 - Log4JLogChute initialized using file 'velocity.log'
2020-04-16 10:35:59,760 - Velocity was not initialized! Calling init()...
2020-04-16 10:35:59,760 - Starting Apache Velocity v1.5 (compiled: 2007-02-22 08:52:29)
2020-04-16 10:35:59,761 - Default Properties File: org/apache/velocity/runtime/defaults/velocity.properties
2020-04-16 10:35:59,761 - Trying to use logger class org.apache.velocity.runtime.log.AvalonLogChute
2020-04-16 10:35:59,764 - Couldn't find class org.apache.velocity.runtime.log.AvalonLogChute or necessary supporting classes in classpath.
java.lang.NoClassDefFoundError: org/apache/log/format/Formatter
	at java.lang.Class.forName0(Native Method)
	at java.lang.Class.forName(Class.java:348)
	at org.apache.velocity.util.ClassUtils.getClass(ClassUtils.java:63)
	at org.apache.velocity.util.ClassUtils.getNewInstance(ClassUtils.java:95)
	at org.apache.velocity.runtime.log.LogManager.createLogChute(LogManager.java:147)
	at org.apache.velocity.runtime.log.LogManager.updateLog(LogManager.java:208)
	at org.apache.velocity.runtime.RuntimeInstance.initializeLog(RuntimeInstance.java:728)
	at org.apache.velocity.runtime.RuntimeInstance.init(RuntimeInstance.java:240)
	at org.apache.velocity.runtime.RuntimeInstance.parse(RuntimeInstance.java:993)
	at org.apache.velocity.runtime.RuntimeInstance.parse(RuntimeInstance.java:972)
	at org.apache.velocity.runtime.RuntimeSingleton.parse(RuntimeSingleton.java:265)
	at org.apache.velocity.app.Velocity.evaluate(Velocity.java:274)
	at org.sonatype.mavenbook.weather.WeatherFormatter.format(WeatherFormatter.java:21)
	at org.sonatype.mavenbook.weather.yahoo.WeatherFormatterTest.testFormat(WeatherFormatterTest.java:23)
	at sun.reflect.NativeMethodAccessorImpl.invoke0(Native Method)
	at sun.reflect.NativeMethodAccessorImpl.invoke(NativeMethodAccessorImpl.java:62)
	at sun.reflect.DelegatingMethodAccessorImpl.invoke(DelegatingMethodAccessorImpl.java:43)
	at java.lang.reflect.Method.invoke(Method.java:497)
	at junit.framework.TestCase.runTest(TestCase.java:176)
	at junit.framework.TestCase.runBare(TestCase.java:141)
	at junit.framework.TestResult$1.protect(TestResult.java:122)
	at junit.framework.TestResult.runProtected(TestResult.java:142)
	at junit.framework.TestResult.run(TestResult.java:125)
	at junit.framework.TestCase.run(TestCase.java:129)
	at junit.framework.TestSuite.runTest(TestSuite.java:252)
	at junit.framework.TestSuite.run(TestSuite.java:247)
	at org.junit.internal.runners.JUnit38ClassRunner.run(JUnit38ClassRunner.java:86)
	at org.apache.maven.surefire.junit4.JUnit4Provider.execute(JUnit4Provider.java:252)
	at org.apache.maven.surefire.junit4.JUnit4Provider.executeTestSet(JUnit4Provider.java:141)
	at org.apache.maven.surefire.junit4.JUnit4Provider.invoke(JUnit4Provider.java:112)
	at sun.reflect.NativeMethodAccessorImpl.invoke0(Native Method)
	at sun.reflect.NativeMethodAccessorImpl.invoke(NativeMethodAccessorImpl.java:62)
	at sun.reflect.DelegatingMethodAccessorImpl.invoke(DelegatingMethodAccessorImpl.java:43)
	at java.lang.reflect.Method.invoke(Method.java:497)
	at org.apache.maven.surefire.util.ReflectionUtils.invokeMethodWithArray(ReflectionUtils.java:189)
	at org.apache.maven.surefire.booter.ProviderFactory$ProviderProxy.invoke(ProviderFactory.java:165)
	at org.apache.maven.surefire.booter.ProviderFactory.invokeProvider(ProviderFactory.java:85)
	at org.apache.maven.surefire.booter.ForkedBooter.runSuitesInProcess(ForkedBooter.java:115)
	at org.apache.maven.surefire.booter.ForkedBooter.main(ForkedBooter.java:75)
Caused by: java.lang.ClassNotFoundException: org.apache.log.format.Formatter
	at java.net.URLClassLoader.findClass(URLClassLoader.java:381)
	at java.lang.ClassLoader.loadClass(ClassLoader.java:424)
	at sun.misc.Launcher$AppClassLoader.loadClass(Launcher.java:331)
	at java.lang.ClassLoader.loadClass(ClassLoader.java:357)
	... 39 more
2020-04-16 10:35:59,771 - Trying to use logger class org.apache.velocity.runtime.log.Log4JLogChute
2020-04-16 10:35:59,771 - Using logger class org.apache.velocity.runtime.log.Log4JLogChute
2020-04-16 10:35:59,779 - Default ResourceManager initializing. (class org.apache.velocity.runtime.resource.ResourceManagerImpl)
2020-04-16 10:35:59,785 - ResourceLoader instantiated: org.apache.velocity.runtime.resource.loader.FileResourceLoader
2020-04-16 10:35:59,789 - Do unicode file recognition:  false
2020-04-16 10:35:59,789 - FileResourceLoader : adding path '.'
2020-04-16 10:35:59,823 - ResourceCache: initialized (class org.apache.velocity.runtime.resource.ResourceCacheImpl)
2020-04-16 10:35:59,826 - Loaded System Directive: org.apache.velocity.runtime.directive.Literal
2020-04-16 10:35:59,828 - Loaded System Directive: org.apache.velocity.runtime.directive.Macro
2020-04-16 10:35:59,830 - Loaded System Directive: org.apache.velocity.runtime.directive.Parse
2020-04-16 10:35:59,834 - Loaded System Directive: org.apache.velocity.runtime.directive.Include
2020-04-16 10:35:59,836 - Loaded System Directive: org.apache.velocity.runtime.directive.Foreach
2020-04-16 10:35:59,882 - Created '20' parsers.
2020-04-16 10:35:59,916 - Velocimacro : "velocimacro.library" is not set.  Trying default library: VM_global_library.vm
2020-04-16 10:35:59,917 - Velocimacro : Default library not found.
2020-04-16 10:35:59,917 - Velocimacro : allowInline = true : VMs can be defined inline in templates
2020-04-16 10:35:59,917 - Velocimacro : allowInlineToOverride = false : VMs defined inline may NOT replace previous VM definitions
2020-04-16 10:35:59,917 - Velocimacro : allowInlineLocal = false : VMs defined inline will be global in scope if allowed.
2020-04-16 10:35:59,917 - Velocimacro : autoload off : VM system will not automatically reload global library macros
2020-04-16 10:36:32,411 - Log4JLogChute initialized using file 'velocity.log'
2020-04-16 10:36:32,412 - Velocity was not initialized! Calling init()...
2020-04-16 10:36:32,412 - Starting Apache Velocity v1.5 (compiled: 2007-02-22 08:52:29)
2020-04-16 10:36:32,412 - Default Properties File: org/apache/velocity/runtime/defaults/velocity.properties
2020-04-16 10:36:32,412 - Trying to use logger class org.apache.velocity.runtime.log.AvalonLogChute
2020-04-16 10:36:32,415 - Couldn't find class org.apache.velocity.runtime.log.AvalonLogChute or necessary supporting classes in classpath.
java.lang.NoClassDefFoundError: org/apache/log/format/Formatter
	at java.lang.Class.forName0(Native Method)
	at java.lang.Class.forName(Class.java:348)
	at org.apache.velocity.util.ClassUtils.getClass(ClassUtils.java:63)
	at org.apache.velocity.util.ClassUtils.getNewInstance(ClassUtils.java:95)
	at org.apache.velocity.runtime.log.LogManager.createLogChute(LogManager.java:147)
	at org.apache.velocity.runtime.log.LogManager.updateLog(LogManager.java:208)
	at org.apache.velocity.runtime.RuntimeInstance.initializeLog(RuntimeInstance.java:728)
	at org.apache.velocity.runtime.RuntimeInstance.init(RuntimeInstance.java:240)
	at org.apache.velocity.runtime.RuntimeInstance.parse(RuntimeInstance.java:993)
	at org.apache.velocity.runtime.RuntimeInstance.parse(RuntimeInstance.java:972)
	at org.apache.velocity.runtime.RuntimeSingleton.parse(RuntimeSingleton.java:265)
	at org.apache.velocity.app.Velocity.evaluate(Velocity.java:274)
	at org.sonatype.mavenbook.weather.WeatherFormatter.format(WeatherFormatter.java:21)
	at org.sonatype.mavenbook.weather.yahoo.WeatherFormatterTest.testFormat(WeatherFormatterTest.java:23)
	at sun.reflect.NativeMethodAccessorImpl.invoke0(Native Method)
	at sun.reflect.NativeMethodAccessorImpl.invoke(NativeMethodAccessorImpl.java:62)
	at sun.reflect.DelegatingMethodAccessorImpl.invoke(DelegatingMethodAccessorImpl.java:43)
	at java.lang.reflect.Method.invoke(Method.java:497)
	at junit.framework.TestCase.runTest(TestCase.java:176)
	at junit.framework.TestCase.runBare(TestCase.java:141)
	at junit.framework.TestResult$1.protect(TestResult.java:122)
	at junit.framework.TestResult.runProtected(TestResult.java:142)
	at junit.framework.TestResult.run(TestResult.java:125)
	at junit.framework.TestCase.run(TestCase.java:129)
	at junit.framework.TestSuite.runTest(TestSuite.java:252)
	at junit.framework.TestSuite.run(TestSuite.java:247)
	at org.junit.internal.runners.JUnit38ClassRunner.run(JUnit38ClassRunner.java:86)
	at org.apache.maven.surefire.junit4.JUnit4Provider.execute(JUnit4Provider.java:252)
	at org.apache.maven.surefire.junit4.JUnit4Provider.executeTestSet(JUnit4Provider.java:141)
	at org.apache.maven.surefire.junit4.JUnit4Provider.invoke(JUnit4Provider.java:112)
	at sun.reflect.NativeMethodAccessorImpl.invoke0(Native Method)
	at sun.reflect.NativeMethodAccessorImpl.invoke(NativeMethodAccessorImpl.java:62)
	at sun.reflect.DelegatingMethodAccessorImpl.invoke(DelegatingMethodAccessorImpl.java:43)
	at java.lang.reflect.Method.invoke(Method.java:497)
	at org.apache.maven.surefire.util.ReflectionUtils.invokeMethodWithArray(ReflectionUtils.java:189)
	at org.apache.maven.surefire.booter.ProviderFactory$ProviderProxy.invoke(ProviderFactory.java:165)
	at org.apache.maven.surefire.booter.ProviderFactory.invokeProvider(ProviderFactory.java:85)
	at org.apache.maven.surefire.booter.ForkedBooter.runSuitesInProcess(ForkedBooter.java:115)
	at org.apache.maven.surefire.booter.ForkedBooter.main(ForkedBooter.java:75)
Caused by: java.lang.ClassNotFoundException: org.apache.log.format.Formatter
	at java.net.URLClassLoader.findClass(URLClassLoader.java:381)
	at java.lang.ClassLoader.loadClass(ClassLoader.java:424)
	at sun.misc.Launcher$AppClassLoader.loadClass(Launcher.java:331)
	at java.lang.ClassLoader.loadClass(ClassLoader.java:357)
	... 39 more
2020-04-16 10:36:32,421 - Trying to use logger class org.apache.velocity.runtime.log.Log4JLogChute
2020-04-16 10:36:32,421 - Using logger class org.apache.velocity.runtime.log.Log4JLogChute
2020-04-16 10:36:32,427 - Default ResourceManager initializing. (class org.apache.velocity.runtime.resource.ResourceManagerImpl)
2020-04-16 10:36:32,432 - ResourceLoader instantiated: org.apache.velocity.runtime.resource.loader.FileResourceLoader
2020-04-16 10:36:32,435 - Do unicode file recognition:  false
2020-04-16 10:36:32,436 - FileResourceLoader : adding path '.'
2020-04-16 10:36:32,458 - ResourceCache: initialized (class org.apache.velocity.runtime.resource.ResourceCacheImpl)
2020-04-16 10:36:32,462 - Loaded System Directive: org.apache.velocity.runtime.directive.Literal
2020-04-16 10:36:32,465 - Loaded System Directive: org.apache.velocity.runtime.directive.Macro
2020-04-16 10:36:32,467 - Loaded System Directive: org.apache.velocity.runtime.directive.Parse
2020-04-16 10:36:32,470 - Loaded System Directive: org.apache.velocity.runtime.directive.Include
2020-04-16 10:36:32,472 - Loaded System Directive: org.apache.velocity.runtime.directive.Foreach
2020-04-16 10:36:32,522 - Created '20' parsers.
2020-04-16 10:36:32,547 - Velocimacro : "velocimacro.library" is not set.  Trying default library: VM_global_library.vm
2020-04-16 10:36:32,548 - Velocimacro : Default library not found.
2020-04-16 10:36:32,548 - Velocimacro : allowInline = true : VMs can be defined inline in templates
2020-04-16 10:36:32,548 - Velocimacro : allowInlineToOverride = false : VMs defined inline may NOT replace previous VM definitions
2020-04-16 10:36:32,548 - Velocimacro : allowInlineLocal = false : VMs defined inline will be global in scope if allowed.
2020-04-16 10:36:32,549 - Velocimacro : autoload off : VM system will not automatically reload global library macros
